1725801683,,,/home/sumit/Videos/_yt-dlp/STAY WITH ME ⧸⧸ 🌸 1nonly 🌸 AMV.webm,85
1725801709,,,/home/sumit/Videos/_yt-dlp/STAY WITH ME ⧸⧸ 🌸 1nonly 🌸 AMV.webm,85
1725801804,,,/home/sumit/Videos/_yt-dlp/STAY WITH ME ⧸⧸ 🌸 1nonly 🌸 AMV.webm,85
1725801856,,,/home/sumit/Videos/_yt-dlp/STAY WITH ME ⧸⧸ 🌸 1nonly 🌸 AMV.webm,85
1725802002,,,/home/sumit/Videos/_yt-dlp/STAY WITH ME ⧸⧸ 🌸 1nonly 🌸 AMV.webm,85
1725802016,,,/home/sumit/Videos/_yt-dlp/STAY WITH ME ⧸⧸ 🌸 1nonly 🌸 AMV.webm,85
1725802225,,,/home/sumit/Videos/_yt-dlp/STAY WITH ME ⧸⧸ 🌸 1nonly 🌸 AMV.webm,85
1725802243,,,/home/sumit/Videos/_yt-dlp/STAY WITH ME ⧸⧸ 🌸 1nonly 🌸 AMV.webm,85
1725802831,,,/home/sumit/Videos/_yt-dlp/STAY WITH ME ⧸⧸ 🌸 1nonly 🌸 AMV.webm,85
1725803113,,,/home/sumit/Videos/_yt-dlp/STAY WITH ME ⧸⧸ 🌸 1nonly 🌸 AMV.webm,85
1725803130,,,/home/sumit/Videos/_yt-dlp/STAY WITH ME ⧸⧸ 🌸 1nonly 🌸 AMV.webm,85
1725803141,,,/home/sumit/Videos/_yt-dlp/STAY WITH ME ⧸⧸ 🌸 1nonly 🌸 AMV.webm,85
1725803156,,,/home/sumit/Videos/_yt-dlp/STAY WITH ME ⧸⧸ 🌸 1nonly 🌸 AMV.webm,85
1725803173,,,/home/sumit/Videos/_yt-dlp/STAY WITH ME ⧸⧸ 🌸 1nonly 🌸 AMV.webm,85
1725803240,,,/home/sumit/Videos/_yt-dlp/STAY WITH ME ⧸⧸ 🌸 1nonly 🌸 AMV.webm,85
1725803296,,,/home/sumit/Videos/_yt-dlp/STAY WITH ME ⧸⧸ 🌸 1nonly 🌸 AMV.webm,85
1725803310,,,/home/sumit/Videos/_yt-dlp/STAY WITH ME ⧸⧸ 🌸 1nonly 🌸 AMV.webm,85
1725803329,,,/home/sumit/Videos/_yt-dlp/STAY WITH ME ⧸⧸ 🌸 1nonly 🌸 AMV.webm,85
1725803370,,,/home/sumit/Videos/_yt-dlp/STAY WITH ME ⧸⧸ 🌸 1nonly 🌸 AMV.webm,85
1725803383,,,/home/sumit/Videos/_yt-dlp/STAY WITH ME ⧸⧸ 🌸 1nonly 🌸 AMV.webm,85
1725803397,,,/home/sumit/Videos/_yt-dlp/STAY WITH ME ⧸⧸ 🌸 1nonly 🌸 AMV.webm,85
1725803423,,,/home/sumit/Videos/_yt-dlp/STAY WITH ME ⧸⧸ 🌸 1nonly 🌸 AMV.webm,85
1725803433,,,/home/sumit/Videos/_yt-dlp/STAY WITH ME ⧸⧸ 🌸 1nonly 🌸 AMV.webm,85
1725803447,,,/home/sumit/Videos/_yt-dlp/STAY WITH ME ⧸⧸ 🌸 1nonly 🌸 AMV.webm,85
1725803466,,,/home/sumit/Videos/_yt-dlp/STAY WITH ME ⧸⧸ 🌸 1nonly 🌸 AMV.webm,85
1725803476,,,/home/sumit/Videos/_yt-dlp/STAY WITH ME ⧸⧸ 🌸 1nonly 🌸 AMV.webm,85
1725803494,,,/home/sumit/Videos/_yt-dlp/STAY WITH ME ⧸⧸ 🌸 1nonly 🌸 AMV.webm,85
1725803515,,,/home/sumit/Videos/_yt-dlp/STAY WITH ME ⧸⧸ 🌸 1nonly 🌸 AMV.webm,85
1725803536,,,/home/sumit/Videos/_yt-dlp/STAY WITH ME ⧸⧸ 🌸 1nonly 🌸 AMV.webm,85
1725803545,,,/home/sumit/Videos/_yt-dlp/STAY WITH ME ⧸⧸ 🌸 1nonly 🌸 AMV.webm,85
1725803601,,,/home/sumit/Videos/_yt-dlp/STAY WITH ME ⧸⧸ 🌸 1nonly 🌸 AMV.webm,85
1725803605,,,/home/sumit/Videos/_yt-dlp/STAY WITH ME ⧸⧸ 🌸 1nonly 🌸 AMV.webm,85
1725803626,,,/home/sumit/Videos/_yt-dlp/STAY WITH ME ⧸⧸ 🌸 1nonly 🌸 AMV.webm,85
1725803637,,,/home/sumit/Videos/_yt-dlp/STAY WITH ME ⧸⧸ 🌸 1nonly 🌸 AMV.webm,85
1725803645,,,/home/sumit/Videos/_yt-dlp/STAY WITH ME ⧸⧸ 🌸 1nonly 🌸 AMV.webm,85
1725803670,,,/home/sumit/Videos/_yt-dlp/STAY WITH ME ⧸⧸ 🌸 1nonly 🌸 AMV.webm,85
1725803694,,,/home/sumit/Videos/_yt-dlp/STAY WITH ME ⧸⧸ 🌸 1nonly 🌸 AMV.webm,85
1725803730,,,/home/sumit/Videos/_yt-dlp/STAY WITH ME ⧸⧸ 🌸 1nonly 🌸 AMV.webm,85
1725803741,,,/home/sumit/Videos/_yt-dlp/STAY WITH ME ⧸⧸ 🌸 1nonly 🌸 AMV.webm,85
1725803758,,,/home/sumit/Videos/_yt-dlp/STAY WITH ME ⧸⧸ 🌸 1nonly 🌸 AMV.webm,85
1725803766,,,/home/sumit/Videos/_yt-dlp/STAY WITH ME ⧸⧸ 🌸 1nonly 🌸 AMV.webm,85
1725805412,,,/home/sumit/Videos/_yt-dlp/STAY WITH ME ⧸⧸ 🌸 1nonly 🌸 AMV.webm,85
1725805832,,,/home/sumit/Videos/_yt-dlp/STAY WITH ME ⧸⧸ 🌸 1nonly 🌸 AMV.webm,85
1725806125,,,/home/sumit/Videos/rush_hour.mkv,45
1725806206,,,/home/sumit/Videos/_yt-dlp/STAY WITH ME ⧸⧸ 🌸 1nonly 🌸 AMV.webm,85
1725806249,,,/home/sumit/Videos/_yt-dlp/STAY WITH ME ⧸⧸ 🌸 1nonly 🌸 AMV.webm,85
1725806274,,,/home/sumit/Videos/_yt-dlp/STAY WITH ME ⧸⧸ 🌸 1nonly 🌸 AMV.webm,85
1725806339,,,/home/sumit/Videos/_yt-dlp/STAY WITH ME ⧸⧸ 🌸 1nonly 🌸 AMV.webm,85
1725806356,,,/home/sumit/Videos/_yt-dlp/STAY WITH ME ⧸⧸ 🌸 1nonly 🌸 AMV.webm,85
1725806363,,,/home/sumit/Videos/_yt-dlp/STAY WITH ME ⧸⧸ 🌸 1nonly 🌸 AMV.webm,85
1725806375,,,/home/sumit/Videos/_yt-dlp/STAY WITH ME ⧸⧸ 🌸 1nonly 🌸 AMV.webm,85
1725806387,,,/home/sumit/Videos/_yt-dlp/STAY WITH ME ⧸⧸ 🌸 1nonly 🌸 AMV.webm,85
1725806397,,,/home/sumit/Videos/_yt-dlp/STAY WITH ME ⧸⧸ 🌸 1nonly 🌸 AMV.webm,85
1725806423,,,/home/sumit/Videos/_yt-dlp/STAY WITH ME ⧸⧸ 🌸 1nonly 🌸 AMV.webm,85
1725806434,,,/home/sumit/Videos/_yt-dlp/STAY WITH ME ⧸⧸ 🌸 1nonly 🌸 AMV.webm,85
1725806543,,,/home/sumit/Videos/_yt-dlp/STAY WITH ME ⧸⧸ 🌸 1nonly 🌸 AMV.webm,85
1725806555,,,/home/sumit/Videos/_yt-dlp/STAY WITH ME ⧸⧸ 🌸 1nonly 🌸 AMV.webm,85
1725806579,,,/home/sumit/Videos/_yt-dlp/STAY WITH ME ⧸⧸ 🌸 1nonly 🌸 AMV.webm,85
1725806590,,,/home/sumit/Videos/_yt-dlp/STAY WITH ME ⧸⧸ 🌸 1nonly 🌸 AMV.webm,85
1725806617,,,/home/sumit/Videos/_yt-dlp/STAY WITH ME ⧸⧸ 🌸 1nonly 🌸 AMV.webm,85
1725806625,,,/home/sumit/Videos/_yt-dlp/STAY WITH ME ⧸⧸ 🌸 1nonly 🌸 AMV.webm,85
1725806683,,,/home/sumit/Videos/_yt-dlp/STAY WITH ME ⧸⧸ 🌸 1nonly 🌸 AMV.webm,85
1725806690,,,/home/sumit/Videos/_yt-dlp/STAY WITH ME ⧸⧸ 🌸 1nonly 🌸 AMV.webm,85
1725806699,,,/home/sumit/Videos/_yt-dlp/STAY WITH ME ⧸⧸ 🌸 1nonly 🌸 AMV.webm,85
1725806715,,,/home/sumit/Videos/_yt-dlp/STAY WITH ME ⧸⧸ 🌸 1nonly 🌸 AMV.webm,85
1725806863,,,/home/sumit/Videos/_yt-dlp/STAY WITH ME ⧸⧸ 🌸 1nonly 🌸 AMV.webm,85
1725806878,,,/home/sumit/Videos/_yt-dlp/STAY WITH ME ⧸⧸ 🌸 1nonly 🌸 AMV.webm,85
1725807062,,,/home/sumit/Videos/_yt-dlp/STAY WITH ME ⧸⧸ 🌸 1nonly 🌸 AMV.webm,85
1725807072,,,/home/sumit/Videos/_yt-dlp/STAY WITH ME ⧸⧸ 🌸 1nonly 🌸 AMV.webm,85
1725807165,,,/home/sumit/Videos/_yt-dlp/STAY WITH ME ⧸⧸ 🌸 1nonly 🌸 AMV.webm,85
1725807181,,,/home/sumit/Videos/_yt-dlp/STAY WITH ME ⧸⧸ 🌸 1nonly 🌸 AMV.webm,85
1725807209,,,/home/sumit/Videos/_yt-dlp/STAY WITH ME ⧸⧸ 🌸 1nonly 🌸 AMV.webm,85
1725807272,,,/home/sumit/Videos/_yt-dlp/STAY WITH ME ⧸⧸ 🌸 1nonly 🌸 AMV.webm,85
1725807281,,,/home/sumit/Videos/_yt-dlp/STAY WITH ME ⧸⧸ 🌸 1nonly 🌸 AMV.webm,85
1725807294,,,/home/sumit/Videos/_yt-dlp/STAY WITH ME ⧸⧸ 🌸 1nonly 🌸 AMV.webm,85
1725807302,,,/home/sumit/Videos/_yt-dlp/STAY WITH ME ⧸⧸ 🌸 1nonly 🌸 AMV.webm,85
1725807312,,,/home/sumit/Videos/_yt-dlp/STAY WITH ME ⧸⧸ 🌸 1nonly 🌸 AMV.webm,85
1725807332,,,/home/sumit/Videos/_yt-dlp/STAY WITH ME ⧸⧸ 🌸 1nonly 🌸 AMV.webm,85
1725807345,,,/home/sumit/Videos/_yt-dlp/STAY WITH ME ⧸⧸ 🌸 1nonly 🌸 AMV.webm,85
1725807369,,,/home/sumit/Videos/_yt-dlp/STAY WITH ME ⧸⧸ 🌸 1nonly 🌸 AMV.webm,85
1725807382,,,/home/sumit/Videos/_yt-dlp/STAY WITH ME ⧸⧸ 🌸 1nonly 🌸 AMV.webm,85
1725807428,,,/home/sumit/Videos/_yt-dlp/STAY WITH ME ⧸⧸ 🌸 1nonly 🌸 AMV.webm,85
1725807431,,,/home/sumit/Videos/_yt-dlp/STAY WITH ME ⧸⧸ 🌸 1nonly 🌸 AMV.webm,85
1725807440,,,/home/sumit/Videos/_yt-dlp/STAY WITH ME ⧸⧸ 🌸 1nonly 🌸 AMV.webm,85
1725807486,,,/home/sumit/Videos/_yt-dlp/STAY WITH ME ⧸⧸ 🌸 1nonly 🌸 AMV.webm,85
1725807501,,,/home/sumit/Videos/_yt-dlp/STAY WITH ME ⧸⧸ 🌸 1nonly 🌸 AMV.webm,85
1725807513,,,/home/sumit/Videos/_yt-dlp/STAY WITH ME ⧸⧸ 🌸 1nonly 🌸 AMV.webm,85
1725807554,,,/home/sumit/Videos/_yt-dlp/STAY WITH ME ⧸⧸ 🌸 1nonly 🌸 AMV.webm,85
1725807587,,,/home/sumit/Videos/_yt-dlp/STAY WITH ME ⧸⧸ 🌸 1nonly 🌸 AMV.webm,85
1725807698,,,/home/sumit/Videos/_yt-dlp/STAY WITH ME ⧸⧸ 🌸 1nonly 🌸 AMV.webm,85
1725807715,,,/home/sumit/Videos/_yt-dlp/STAY WITH ME ⧸⧸ 🌸 1nonly 🌸 AMV.webm,85
1725807732,,,/home/sumit/Videos/_yt-dlp/STAY WITH ME ⧸⧸ 🌸 1nonly 🌸 AMV.webm,85
1725807738,,,/home/sumit/Videos/_yt-dlp/STAY WITH ME ⧸⧸ 🌸 1nonly 🌸 AMV.webm,85
1725807875,,,/home/sumit/Videos/_yt-dlp/STAY WITH ME ⧸⧸ 🌸 1nonly 🌸 AMV.webm,85
1725807918,,,/home/sumit/Videos/_yt-dlp/STAY WITH ME ⧸⧸ 🌸 1nonly 🌸 AMV.webm,85
1725807955,,,/home/sumit/Videos/_yt-dlp/STAY WITH ME ⧸⧸ 🌸 1nonly 🌸 AMV.webm,85
1725807996,,,/home/sumit/Videos/_yt-dlp/STAY WITH ME ⧸⧸ 🌸 1nonly 🌸 AMV.webm,85
1725808063,,,/home/sumit/Videos/_yt-dlp/STAY WITH ME ⧸⧸ 🌸 1nonly 🌸 AMV.webm,85
1725808091,,,/home/sumit/Videos/_yt-dlp/STAY WITH ME ⧸⧸ 🌸 1nonly 🌸 AMV.webm,85
1725808099,,,/home/sumit/Videos/_yt-dlp/STAY WITH ME ⧸⧸ 🌸 1nonly 🌸 AMV.webm,85
1725808114,,,/home/sumit/Videos/_yt-dlp/STAY WITH ME ⧸⧸ 🌸 1nonly 🌸 AMV.webm,85
1725808131,,,/home/sumit/Videos/_yt-dlp/STAY WITH ME ⧸⧸ 🌸 1nonly 🌸 AMV.webm,85
1725808151,,,/home/sumit/Videos/_yt-dlp/STAY WITH ME ⧸⧸ 🌸 1nonly 🌸 AMV.webm,85
1725808159,,,/home/sumit/Videos/_yt-dlp/STAY WITH ME ⧸⧸ 🌸 1nonly 🌸 AMV.webm,85
1725808178,,,/home/sumit/Videos/_yt-dlp/STAY WITH ME ⧸⧸ 🌸 1nonly 🌸 AMV.webm,85
1725808205,,,/home/sumit/Videos/_yt-dlp/STAY WITH ME ⧸⧸ 🌸 1nonly 🌸 AMV.webm,85
1725808228,,,/home/sumit/Videos/_yt-dlp/STAY WITH ME ⧸⧸ 🌸 1nonly 🌸 AMV.webm,85
1725808239,,,/home/sumit/Videos/_yt-dlp/STAY WITH ME ⧸⧸ 🌸 1nonly 🌸 AMV.webm,85
1725808254,,,/home/sumit/Videos/_yt-dlp/STAY WITH ME ⧸⧸ 🌸 1nonly 🌸 AMV.webm,85
1725808281,,,/home/sumit/Videos/_yt-dlp/STAY WITH ME ⧸⧸ 🌸 1nonly 🌸 AMV.webm,85
1725808318,,,/home/sumit/Videos/_yt-dlp/STAY WITH ME ⧸⧸ 🌸 1nonly 🌸 AMV.webm,85
1725808347,,,/home/sumit/Videos/_yt-dlp/STAY WITH ME ⧸⧸ 🌸 1nonly 🌸 AMV.webm,85
1725808367,,,/home/sumit/Videos/_yt-dlp/STAY WITH ME ⧸⧸ 🌸 1nonly 🌸 AMV.webm,85
1725808401,,,/home/sumit/Videos/_yt-dlp/STAY WITH ME ⧸⧸ 🌸 1nonly 🌸 AMV.webm,85
1725808521,,,/home/sumit/Videos/_yt-dlp/STAY WITH ME ⧸⧸ 🌸 1nonly 🌸 AMV.webm,85
1725808611,,,/home/sumit/Videos/_yt-dlp/STAY WITH ME ⧸⧸ 🌸 1nonly 🌸 AMV.webm,85
1725808681,,,/home/sumit/Videos/_yt-dlp/STAY WITH ME ⧸⧸ 🌸 1nonly 🌸 AMV.webm,85
1725808711,,,/home/sumit/Videos/_yt-dlp/STAY WITH ME ⧸⧸ 🌸 1nonly 🌸 AMV.webm,85
1725808732,,,/home/sumit/Videos/_yt-dlp/STAY WITH ME ⧸⧸ 🌸 1nonly 🌸 AMV.webm,85
1725808754,,,/home/sumit/Videos/_yt-dlp/STAY WITH ME ⧸⧸ 🌸 1nonly 🌸 AMV.webm,85
1725808802,,,/home/sumit/Videos/_yt-dlp/STAY WITH ME ⧸⧸ 🌸 1nonly 🌸 AMV.webm,85
1725808829,,,/home/sumit/Videos/_yt-dlp/STAY WITH ME ⧸⧸ 🌸 1nonly 🌸 AMV.webm,85
1725808849,,,/home/sumit/Videos/_yt-dlp/STAY WITH ME ⧸⧸ 🌸 1nonly 🌸 AMV.webm,85
1725808874,,,/home/sumit/Videos/_yt-dlp/STAY WITH ME ⧸⧸ 🌸 1nonly 🌸 AMV.webm,85
1725808884,,,/home/sumit/Videos/_yt-dlp/STAY WITH ME ⧸⧸ 🌸 1nonly 🌸 AMV.webm,85
1725808904,,,/home/sumit/Videos/_yt-dlp/STAY WITH ME ⧸⧸ 🌸 1nonly 🌸 AMV.webm,85
1725808936,,,/home/sumit/Videos/_yt-dlp/STAY WITH ME ⧸⧸ 🌸 1nonly 🌸 AMV.webm,85
1725808952,,,/home/sumit/Videos/_yt-dlp/STAY WITH ME ⧸⧸ 🌸 1nonly 🌸 AMV.webm,85
1725808966,,,/home/sumit/Videos/_yt-dlp/STAY WITH ME ⧸⧸ 🌸 1nonly 🌸 AMV.webm,85
1725808984,,,/home/sumit/Videos/_yt-dlp/STAY WITH ME ⧸⧸ 🌸 1nonly 🌸 AMV.webm,85
1725809005,,,/home/sumit/Videos/_yt-dlp/STAY WITH ME ⧸⧸ 🌸 1nonly 🌸 AMV.webm,85
1725809141,,,/home/sumit/Videos/_yt-dlp/STAY WITH ME ⧸⧸ 🌸 1nonly 🌸 AMV.webm,85
1725809201,,,/home/sumit/Videos/_yt-dlp/STAY WITH ME ⧸⧸ 🌸 1nonly 🌸 AMV.webm,85
1725809213,,,/home/sumit/Videos/_yt-dlp/STAY WITH ME ⧸⧸ 🌸 1nonly 🌸 AMV.webm,85
1725809346,,,/home/sumit/Videos/_yt-dlp/STAY WITH ME ⧸⧸ 🌸 1nonly 🌸 AMV.webm,85
1725809354,,,/home/sumit/Videos/_yt-dlp/STAY WITH ME ⧸⧸ 🌸 1nonly 🌸 AMV.webm,85
1725809365,,,/home/sumit/Videos/_yt-dlp/STAY WITH ME ⧸⧸ 🌸 1nonly 🌸 AMV.webm,85
1725809382,,,/home/sumit/Videos/_yt-dlp/STAY WITH ME ⧸⧸ 🌸 1nonly 🌸 AMV.webm,85
1725809412,,,/home/sumit/Videos/_yt-dlp/STAY WITH ME ⧸⧸ 🌸 1nonly 🌸 AMV.webm,85
1725809425,,,/home/sumit/Videos/_yt-dlp/STAY WITH ME ⧸⧸ 🌸 1nonly 🌸 AMV.webm,85
1725809437,,,/home/sumit/Videos/_yt-dlp/STAY WITH ME ⧸⧸ 🌸 1nonly 🌸 AMV.webm,85
1725809449,,,/home/sumit/Videos/_yt-dlp/STAY WITH ME ⧸⧸ 🌸 1nonly 🌸 AMV.webm,85
1725809476,,,/home/sumit/Videos/_yt-dlp/STAY WITH ME ⧸⧸ 🌸 1nonly 🌸 AMV.webm,85
1725809548,,,/home/sumit/Videos/_yt-dlp/STAY WITH ME ⧸⧸ 🌸 1nonly 🌸 AMV.webm,85
1725809569,,,/home/sumit/Videos/_yt-dlp/STAY WITH ME ⧸⧸ 🌸 1nonly 🌸 AMV.webm,85
1725809580,,,/home/sumit/Videos/_yt-dlp/STAY WITH ME ⧸⧸ 🌸 1nonly 🌸 AMV.webm,85
1725809594,,,/home/sumit/Videos/_yt-dlp/STAY WITH ME ⧸⧸ 🌸 1nonly 🌸 AMV.webm,85
1725809655,,,/home/sumit/Videos/_yt-dlp/STAY WITH ME ⧸⧸ 🌸 1nonly 🌸 AMV.webm,85
1725809668,,,/home/sumit/Videos/_yt-dlp/STAY WITH ME ⧸⧸ 🌸 1nonly 🌸 AMV.webm,85
1725809686,,,/home/sumit/Videos/_yt-dlp/STAY WITH ME ⧸⧸ 🌸 1nonly 🌸 AMV.webm,85
1725809692,,,/home/sumit/Videos/_yt-dlp/STAY WITH ME ⧸⧸ 🌸 1nonly 🌸 AMV.webm,85
1725809699,,,/home/sumit/Videos/_yt-dlp/STAY WITH ME ⧸⧸ 🌸 1nonly 🌸 AMV.webm,85
1725809705,,,/home/sumit/Videos/_yt-dlp/STAY WITH ME ⧸⧸ 🌸 1nonly 🌸 AMV.webm,85
1725809742,,,/home/sumit/Videos/_yt-dlp/STAY WITH ME ⧸⧸ 🌸 1nonly 🌸 AMV.webm,85
1725809750,,,/home/sumit/Videos/_yt-dlp/STAY WITH ME ⧸⧸ 🌸 1nonly 🌸 AMV.webm,85
1725809756,,,/home/sumit/Videos/_yt-dlp/STAY WITH ME ⧸⧸ 🌸 1nonly 🌸 AMV.webm,85
1725809766,,,/home/sumit/Videos/_yt-dlp/STAY WITH ME ⧸⧸ 🌸 1nonly 🌸 AMV.webm,85
1725809779,,,/home/sumit/Videos/_yt-dlp/STAY WITH ME ⧸⧸ 🌸 1nonly 🌸 AMV.webm,85
1725809787,,,/home/sumit/Videos/_yt-dlp/STAY WITH ME ⧸⧸ 🌸 1nonly 🌸 AMV.webm,85
1725809859,,,/home/sumit/Videos/_yt-dlp/STAY WITH ME ⧸⧸ 🌸 1nonly 🌸 AMV.webm,85
1725809873,,,/home/sumit/Videos/_yt-dlp/STAY WITH ME ⧸⧸ 🌸 1nonly 🌸 AMV.webm,85
1725809883,,,/home/sumit/Videos/_yt-dlp/STAY WITH ME ⧸⧸ 🌸 1nonly 🌸 AMV.webm,85
1725809888,,,/home/sumit/Videos/_yt-dlp/STAY WITH ME ⧸⧸ 🌸 1nonly 🌸 AMV.webm,85
1725809899,,,/home/sumit/Videos/_yt-dlp/STAY WITH ME ⧸⧸ 🌸 1nonly 🌸 AMV.webm,85
1725809911,,,/home/sumit/Videos/_yt-dlp/STAY WITH ME ⧸⧸ 🌸 1nonly 🌸 AMV.webm,85
1725809915,,,/home/sumit/Videos/_yt-dlp/STAY WITH ME ⧸⧸ 🌸 1nonly 🌸 AMV.webm,85
1725809924,,,/home/sumit/Videos/_yt-dlp/STAY WITH ME ⧸⧸ 🌸 1nonly 🌸 AMV.webm,85
1725809933,,,/home/sumit/Videos/_yt-dlp/STAY WITH ME ⧸⧸ 🌸 1nonly 🌸 AMV.webm,85
1725810199,,,/home/sumit/Videos/_yt-dlp/STAY WITH ME ⧸⧸ 🌸 1nonly 🌸 AMV.webm,85
1725810278,,,/home/sumit/Videos/_yt-dlp/STAY WITH ME ⧸⧸ 🌸 1nonly 🌸 AMV.webm,85
1725810327,,,/home/sumit/Videos/_yt-dlp/STAY WITH ME ⧸⧸ 🌸 1nonly 🌸 AMV.webm,85
1725810339,,,/home/sumit/Videos/_yt-dlp/STAY WITH ME ⧸⧸ 🌸 1nonly 🌸 AMV.webm,85
1725810368,,,/home/sumit/Videos/_yt-dlp/STAY WITH ME ⧸⧸ 🌸 1nonly 🌸 AMV.webm,85
1725810416,,,/home/sumit/Videos/_yt-dlp/STAY WITH ME ⧸⧸ 🌸 1nonly 🌸 AMV.webm,85
1725810422,,,/home/sumit/Videos/_yt-dlp/STAY WITH ME ⧸⧸ 🌸 1nonly 🌸 AMV.webm,85
1725810441,,,/home/sumit/Videos/_yt-dlp/STAY WITH ME ⧸⧸ 🌸 1nonly 🌸 AMV.webm,85
1725810455,,,/home/sumit/Videos/_yt-dlp/STAY WITH ME ⧸⧸ 🌸 1nonly 🌸 AMV.webm,85
1725810460,,,/home/sumit/Videos/_yt-dlp/STAY WITH ME ⧸⧸ 🌸 1nonly 🌸 AMV.webm,85
1725810598,,,/home/sumit/Videos/_yt-dlp/STAY WITH ME ⧸⧸ 🌸 1nonly 🌸 AMV.webm,85
1725810606,,,/home/sumit/Videos/_yt-dlp/STAY WITH ME ⧸⧸ 🌸 1nonly 🌸 AMV.webm,85
1725810642,,,/home/sumit/Videos/_yt-dlp/STAY WITH ME ⧸⧸ 🌸 1nonly 🌸 AMV.webm,85
1725810656,,,/home/sumit/Videos/_yt-dlp/STAY WITH ME ⧸⧸ 🌸 1nonly 🌸 AMV.webm,85
1725810685,,,/home/sumit/Videos/_yt-dlp/STAY WITH ME ⧸⧸ 🌸 1nonly 🌸 AMV.webm,85
1725810704,,,/home/sumit/Videos/_yt-dlp/STAY WITH ME ⧸⧸ 🌸 1nonly 🌸 AMV.webm,85
1725810725,,,/home/sumit/Videos/_yt-dlp/STAY WITH ME ⧸⧸ 🌸 1nonly 🌸 AMV.webm,85
1725810790,,,/home/sumit/Videos/_yt-dlp/STAY WITH ME ⧸⧸ 🌸 1nonly 🌸 AMV.webm,85
1725810799,,,/home/sumit/Videos/_yt-dlp/STAY WITH ME ⧸⧸ 🌸 1nonly 🌸 AMV.webm,85
1725810815,,,/home/sumit/Videos/_yt-dlp/STAY WITH ME ⧸⧸ 🌸 1nonly 🌸 AMV.webm,85
1725810824,,,/home/sumit/Videos/_yt-dlp/STAY WITH ME ⧸⧸ 🌸 1nonly 🌸 AMV.webm,85
1725810848,,,/home/sumit/Videos/_yt-dlp/STAY WITH ME ⧸⧸ 🌸 1nonly 🌸 AMV.webm,85
1725810858,,,/home/sumit/Videos/_yt-dlp/STAY WITH ME ⧸⧸ 🌸 1nonly 🌸 AMV.webm,85
1725810871,,,/home/sumit/Videos/_yt-dlp/STAY WITH ME ⧸⧸ 🌸 1nonly 🌸 AMV.webm,85
1725810880,,,/home/sumit/Videos/_yt-dlp/STAY WITH ME ⧸⧸ 🌸 1nonly 🌸 AMV.webm,85
1725810892,,,/home/sumit/Videos/_yt-dlp/STAY WITH ME ⧸⧸ 🌸 1nonly 🌸 AMV.webm,85
1725810904,,,/home/sumit/Videos/_yt-dlp/STAY WITH ME ⧸⧸ 🌸 1nonly 🌸 AMV.webm,85
1725810915,,,/home/sumit/Videos/_yt-dlp/STAY WITH ME ⧸⧸ 🌸 1nonly 🌸 AMV.webm,85
1725810956,,,/home/sumit/Videos/_yt-dlp/STAY WITH ME ⧸⧸ 🌸 1nonly 🌸 AMV.webm,85
1725810967,,,/home/sumit/Videos/_yt-dlp/STAY WITH ME ⧸⧸ 🌸 1nonly 🌸 AMV.webm,85
1725810973,,,/home/sumit/Videos/_yt-dlp/STAY WITH ME ⧸⧸ 🌸 1nonly 🌸 AMV.webm,85
1725811044,,,/home/sumit/Videos/_yt-dlp/STAY WITH ME ⧸⧸ 🌸 1nonly 🌸 AMV.webm,85
1725811117,,,/home/sumit/Videos/_yt-dlp/STAY WITH ME ⧸⧸ 🌸 1nonly 🌸 AMV.webm,85
1725811129,,,/home/sumit/Videos/_yt-dlp/STAY WITH ME ⧸⧸ 🌸 1nonly 🌸 AMV.webm,85
1725811137,,,/home/sumit/Videos/_yt-dlp/STAY WITH ME ⧸⧸ 🌸 1nonly 🌸 AMV.webm,85
1725811147,,,/home/sumit/Videos/_yt-dlp/STAY WITH ME ⧸⧸ 🌸 1nonly 🌸 AMV.webm,85
1725811152,,,/home/sumit/Videos/_yt-dlp/STAY WITH ME ⧸⧸ 🌸 1nonly 🌸 AMV.webm,85
1725811173,,,/home/sumit/Videos/_yt-dlp/STAY WITH ME ⧸⧸ 🌸 1nonly 🌸 AMV.webm,85
1725811249,,,/home/sumit/Videos/_yt-dlp/STAY WITH ME ⧸⧸ 🌸 1nonly 🌸 AMV.webm,85
1725811373,,,/home/sumit/Videos/_yt-dlp/STAY WITH ME ⧸⧸ 🌸 1nonly 🌸 AMV.webm,85
1725811419,,,/home/sumit/Videos/_yt-dlp/STAY WITH ME ⧸⧸ 🌸 1nonly 🌸 AMV.webm,85
1725811460,,,/home/sumit/Videos/_yt-dlp/STAY WITH ME ⧸⧸ 🌸 1nonly 🌸 AMV.webm,85
1725811472,,,/home/sumit/Videos/_yt-dlp/STAY WITH ME ⧸⧸ 🌸 1nonly 🌸 AMV.webm,85
1725811517,,,/home/sumit/Videos/_yt-dlp/STAY WITH ME ⧸⧸ 🌸 1nonly 🌸 AMV.webm,85
1725811544,,,/home/sumit/Videos/_yt-dlp/STAY WITH ME ⧸⧸ 🌸 1nonly 🌸 AMV.webm,85
1725811553,,,/home/sumit/Videos/_yt-dlp/STAY WITH ME ⧸⧸ 🌸 1nonly 🌸 AMV.webm,85
1725811605,,,/home/sumit/Videos/_yt-dlp/STAY WITH ME ⧸⧸ 🌸 1nonly 🌸 AMV.webm,85
1725811639,,,/home/sumit/Videos/_yt-dlp/STAY WITH ME ⧸⧸ 🌸 1nonly 🌸 AMV.webm,85
1725811651,,,/home/sumit/Videos/_yt-dlp/STAY WITH ME ⧸⧸ 🌸 1nonly 🌸 AMV.webm,85
1725811658,,,/home/sumit/Videos/_yt-dlp/STAY WITH ME ⧸⧸ 🌸 1nonly 🌸 AMV.webm,85
1725811715,,,/home/sumit/Videos/_yt-dlp/STAY WITH ME ⧸⧸ 🌸 1nonly 🌸 AMV.webm,85
1725811730,,,/home/sumit/Videos/_yt-dlp/STAY WITH ME ⧸⧸ 🌸 1nonly 🌸 AMV.webm,85
1725811738,,,/home/sumit/Videos/_yt-dlp/STAY WITH ME ⧸⧸ 🌸 1nonly 🌸 AMV.webm,85
1725811749,,,/home/sumit/Videos/_yt-dlp/STAY WITH ME ⧸⧸ 🌸 1nonly 🌸 AMV.webm,85
1725811790,,,/home/sumit/Videos/_yt-dlp/STAY WITH ME ⧸⧸ 🌸 1nonly 🌸 AMV.webm,85
1725811812,,,/home/sumit/Videos/_yt-dlp/STAY WITH ME ⧸⧸ 🌸 1nonly 🌸 AMV.webm,85
1725811819,,,/home/sumit/Videos/_yt-dlp/STAY WITH ME ⧸⧸ 🌸 1nonly 🌸 AMV.webm,85
1725811918,,,/home/sumit/Videos/_yt-dlp/STAY WITH ME ⧸⧸ 🌸 1nonly 🌸 AMV.webm,85
1725811938,,,/home/sumit/Videos/_yt-dlp/STAY WITH ME ⧸⧸ 🌸 1nonly 🌸 AMV.webm,85
1725811945,,,/home/sumit/Videos/_yt-dlp/STAY WITH ME ⧸⧸ 🌸 1nonly 🌸 AMV.webm,85
1725811951,,,/home/sumit/Videos/_yt-dlp/STAY WITH ME ⧸⧸ 🌸 1nonly 🌸 AMV.webm,85
1725811956,,,/home/sumit/Videos/_yt-dlp/STAY WITH ME ⧸⧸ 🌸 1nonly 🌸 AMV.webm,85
1725811977,,,/home/sumit/Videos/_yt-dlp/STAY WITH ME ⧸⧸ 🌸 1nonly 🌸 AMV.webm,85
1725812026,,,/home/sumit/Videos/_yt-dlp/STAY WITH ME ⧸⧸ 🌸 1nonly 🌸 AMV.webm,85
1725812109,,,/home/sumit/Videos/_yt-dlp/STAY WITH ME ⧸⧸ 🌸 1nonly 🌸 AMV.webm,85
1725812131,,,/home/sumit/Videos/_yt-dlp/STAY WITH ME ⧸⧸ 🌸 1nonly 🌸 AMV.webm,85
1725812141,,,/home/sumit/Videos/_yt-dlp/STAY WITH ME ⧸⧸ 🌸 1nonly 🌸 AMV.webm,85
1725812181,,,/home/sumit/Videos/_yt-dlp/STAY WITH ME ⧸⧸ 🌸 1nonly 🌸 AMV.webm,85
1725812196,,,/home/sumit/Videos/_yt-dlp/STAY WITH ME ⧸⧸ 🌸 1nonly 🌸 AMV.webm,85
1725812473,,,/home/sumit/Videos/_yt-dlp/STAY WITH ME ⧸⧸ 🌸 1nonly 🌸 AMV.webm,85
1725812482,,,/home/sumit/Videos/_yt-dlp/STAY WITH ME ⧸⧸ 🌸 1nonly 🌸 AMV.webm,85
1725812533,,,/home/sumit/Videos/_yt-dlp/STAY WITH ME ⧸⧸ 🌸 1nonly 🌸 AMV.webm,85
1725812541,,,/home/sumit/Videos/_yt-dlp/STAY WITH ME ⧸⧸ 🌸 1nonly 🌸 AMV.webm,85
1725812552,,,/home/sumit/Videos/_yt-dlp/STAY WITH ME ⧸⧸ 🌸 1nonly 🌸 AMV.webm,85
1725812557,,,/home/sumit/Videos/_yt-dlp/STAY WITH ME ⧸⧸ 🌸 1nonly 🌸 AMV.webm,85
1725812563,,,/home/sumit/Videos/_yt-dlp/STAY WITH ME ⧸⧸ 🌸 1nonly 🌸 AMV.webm,85
1725812583,,,/home/sumit/Videos/_yt-dlp/STAY WITH ME ⧸⧸ 🌸 1nonly 🌸 AMV.webm,85
1725812684,,,/home/sumit/Videos/_yt-dlp/STAY WITH ME ⧸⧸ 🌸 1nonly 🌸 AMV.webm,85
1725812744,,,/home/sumit/Videos/_yt-dlp/stay_with_me_1nonly.webm,64
1725812986,,,/home/sumit/Videos/_yt-dlp/stay_with_me_1nonly.webm,64
1725813045,,,/home/sumit/Videos/_yt-dlp/stay_with_me_1nonly.webm,64
1725813517,,,/home/sumit/Videos/_yt-dlp/stay_with_me_1nonly.webm,64
1725813563,,,/home/sumit/Videos/_yt-dlp/stay_with_me_1nonly.webm,64
1725813568,,,/home/sumit/Videos/_yt-dlp/stay_with_me_1nonly.webm,64
1725813626,,,/home/sumit/Videos/_yt-dlp/stay_with_me_1nonly.webm,64
1725813655,,,/home/sumit/Videos/_yt-dlp/stay_with_me_1nonly.webm,64
1725813663,,,/home/sumit/Videos/_yt-dlp/stay_with_me_1nonly.webm,64
1725813713,,,/home/sumit/Videos/_yt-dlp/stay_with_me_1nonly.webm,64
1725813742,,,/home/sumit/Videos/_yt-dlp/stay_with_me_1nonly.webm,64
1725813749,,,/home/sumit/Videos/_yt-dlp/stay_with_me_1nonly.webm,64
1725813836,,,/home/sumit/Videos/_yt-dlp/stay_with_me_1nonly.webm,64
1725813855,,,/home/sumit/Videos/_yt-dlp/stay_with_me_1nonly.webm,64
1725813863,,,/home/sumit/Videos/_yt-dlp/stay_with_me_1nonly.webm,64
1725813878,,,/home/sumit/Videos/_yt-dlp/stay_with_me_1nonly.webm,64
1725813906,,,/home/sumit/Videos/_yt-dlp/stay_with_me_1nonly.webm,64
1725813919,,,/home/sumit/Videos/_yt-dlp/stay_with_me_1nonly.webm,64
1725813933,,,/home/sumit/Videos/_yt-dlp/stay_with_me_1nonly.webm,64
1725813997,,,/home/sumit/Videos/_yt-dlp/stay_with_me_1nonly.webm,64
1725814006,,,/home/sumit/Videos/_yt-dlp/stay_with_me_1nonly.webm,64
1725814026,,,/home/sumit/Videos/_yt-dlp/stay_with_me_1nonly.webm,64
1725814041,,,/home/sumit/Videos/_yt-dlp/stay_with_me_1nonly.webm,64
1725814082,,,/home/sumit/Videos/_yt-dlp/stay_with_me_1nonly.webm,64
1725814092,,,/home/sumit/Videos/_yt-dlp/stay_with_me_1nonly.webm,64
1725814107,,,/home/sumit/Videos/_yt-dlp/stay_with_me_1nonly.webm,64
1725814115,,,/home/sumit/Videos/_yt-dlp/stay_with_me_1nonly.webm,64
1725814129,,,/home/sumit/Videos/_yt-dlp/stay_with_me_1nonly.webm,64
1725814138,,,/home/sumit/Videos/_yt-dlp/stay_with_me_1nonly.webm,64
1725814146,,,/home/sumit/Videos/_yt-dlp/stay_with_me_1nonly.webm,64
1725814159,,,/home/sumit/Videos/_yt-dlp/stay_with_me_1nonly.webm,64
1725814199,,,/home/sumit/Videos/_yt-dlp/stay_with_me_1nonly.webm,64
1725814274,,,/home/sumit/Videos/_yt-dlp/stay_with_me_1nonly.webm,64
1725814288,,,/home/sumit/Videos/_yt-dlp/stay_with_me_1nonly.webm,64
1725814324,,,/home/sumit/Videos/_yt-dlp/stay_with_me_1nonly.webm,64
1725814330,,,/home/sumit/Videos/_yt-dlp/stay_with_me_1nonly.webm,64
1725814659,,,/home/sumit/Videos/_yt-dlp/stay_with_me_1nonly.webm,64
1725814670,,,/home/sumit/Videos/_yt-dlp/stay_with_me_1nonly.webm,64
1725814851,,,/home/sumit/Videos/_yt-dlp/stay_with_me_1nonly.webm,64
1725814882,,,/home/sumit/Videos/_yt-dlp/stay_with_me_1nonly.webm,64
1725814903,,,/home/sumit/Videos/_yt-dlp/stay_with_me_1nonly.webm,64
1725814924,,,/home/sumit/Videos/_yt-dlp/rush_hour.mkv,53
1725815091,,,/home/sumit/Videos/_yt-dlp/stay_with_me_1nonly.webm,64
1725819405,,,http://127.0.0.1:11470/d987fed7896349a3a93793c9fb7a8ca7988e5a01/Drive.My.Car.2021.1080p.BluRay.x264.AAC5.1-%5BYTS.MX%5D.mp4,136
1725819710,,,http://127.0.0.1:11470/e3330709f827c0cb51caa0b7d59b453e474d2247/Tampopo.cd1.avi,92
1725865864,47,Tampopo.1985.JAPANESE.1080p.BluRay.H264.AAC-VXT,http://127.0.0.1:11470/4d1f7fab7348d5341d6262867910014e2c4608c1/Tampopo.1985.JAPANESE.1080p.BluRay.H264.AAC-VXT.mp4,177
1725902892,,,/home/sumit/Videos/_yt-dlp/stay_with_me_1nonly.webm,64
1725948624,55,The Eminence in Shadow - S01E02 - Shadow Garden Is Born,http://127.0.0.1:11470/b259a10eb8803ac14649ac1375a381d68879581b/%5BOZR%5D%20The%20Eminence%20in%20Shadow%20-%20S01E02%20(v2)%20(BD%201080p%20HEVC%20Opus)%20%5BDual-Audio%5D%20%5BAE97F5F2%5D.mkv,263
1725948642,55,The Eminence in Shadow - S01E02 - Shadow Garden Is Born,http://127.0.0.1:11470/b259a10eb8803ac14649ac1375a381d68879581b/%5BOZR%5D%20The%20Eminence%20in%20Shadow%20-%20S01E02%20(v2)%20(BD%201080p%20HEVC%20Opus)%20%5BDual-Audio%5D%20%5BAE97F5F2%5D.mkv,263
1725948646,55,The Eminence in Shadow - S01E02 - Shadow Garden Is Born,http://127.0.0.1:11470/b259a10eb8803ac14649ac1375a381d68879581b/%5BOZR%5D%20The%20Eminence%20in%20Shadow%20-%20S01E02%20(v2)%20(BD%201080p%20HEVC%20Opus)%20%5BDual-Audio%5D%20%5BAE97F5F2%5D.mkv,263
1725950628,50,The Eminence in Shadow - S01E03 - Fencer Ordinaire,http://127.0.0.1:11470/b259a10eb8803ac14649ac1375a381d68879581b/%5BOZR%5D%20The%20Eminence%20in%20Shadow%20-%20S01E03%20(v2)%20(BD%201080p%20HEVC%20Opus)%20%5BDual-Audio%5D%20%5B563CB8C1%5D.mkv,258
1725950679,50,The Eminence in Shadow - S01E03 - Fencer Ordinaire,http://127.0.0.1:11470/b259a10eb8803ac14649ac1375a381d68879581b/%5BOZR%5D%20The%20Eminence%20in%20Shadow%20-%20S01E03%20(v2)%20(BD%201080p%20HEVC%20Opus)%20%5BDual-Audio%5D%20%5B563CB8C1%5D.mkv,258
1726057790,,,http://127.0.0.1:11470/c2ba585907eecf04c93daabb221855d43de26f17/%5BLulu%5D%20Code%20Geass%20Lelouch%20of%20the%20Rebellion%20-%2001x01%20-%20The%20Day%20a%20New%20Demon%20Was%20Born.mkv,198
1726057825,,,http://127.0.0.1:11470/c2ba585907eecf04c93daabb221855d43de26f17/%5BLulu%5D%20Code%20Geass%20Lelouch%20of%20the%20Rebellion%20-%2001x01%20-%20The%20Day%20a%20New%20Demon%20Was%20Born.mkv,198
1726057832,,,http://127.0.0.1:11470/c2ba585907eecf04c93daabb221855d43de26f17/%5BLulu%5D%20Code%20Geass%20Lelouch%20of%20the%20Rebellion%20-%2001x01%20-%20The%20Day%20a%20New%20Demon%20Was%20Born.mkv,198
1726108746,,,/run/media/sumit/External_Drive/rush_hour.mkv,58
1726108802,,,/run/media/sumit/External_Drive/stay_with_me_1nonly.webm,69
1726122411,,,/home/sumit/Videos/_yt-dlp/Overlord - Opening 1 ｜ 4K ｜ 60FPS ｜ Creditless ｜.mkv,100
1726122980,,,/home/sumit/Videos/_yt-dlp/Overlord - Opening 1 ｜ 4K ｜ 60FPS ｜ Creditless ｜.mkv,100
1726123330,,,/home/sumit/Videos/_yt-dlp/Top 100 3D Renders from the Internet's Biggest CG Challenge ｜ Infinite Journeys.mkv,125
1726123335,,,/home/sumit/Videos/_yt-dlp/Top 100 3D Renders from the Internet's Biggest CG Challenge ｜ Infinite Journeys.mkv,125
1726129738,,,http://127.0.0.1:11470/c2ba585907eecf04c93daabb221855d43de26f17/%5BLulu%5D%20Code%20Geass%20Lelouch%20of%20the%20Rebellion%20-%2001x01%20-%20The%20Day%20a%20New%20Demon%20Was%20Born.mkv,198
1726131339,,,http://127.0.0.1:11470/c2ba585907eecf04c93daabb221855d43de26f17/%5BLulu%5D%20Code%20Geass%20Lelouch%20of%20the%20Rebellion%20-%2001x01%20-%20The%20Day%20a%20New%20Demon%20Was%20Born.mkv,198
1726131719,,,http://127.0.0.1:11470/c2ba585907eecf04c93daabb221855d43de26f17/%5BLulu%5D%20Code%20Geass%20Lelouch%20of%20the%20Rebellion%20-%2001x01%20-%20The%20Day%20a%20New%20Demon%20Was%20Born.mkv,198
1726131937,,,http://127.0.0.1:11470/c2ba585907eecf04c93daabb221855d43de26f17/%5BLulu%5D%20Code%20Geass%20Lelouch%20of%20the%20Rebellion%20-%2001x01%20-%20The%20Day%20a%20New%20Demon%20Was%20Born.mkv,198
1726131995,,,http://127.0.0.1:11470/c2ba585907eecf04c93daabb221855d43de26f17/%5BLulu%5D%20Code%20Geass%20Lelouch%20of%20the%20Rebellion%20-%2001x01%20-%20The%20Day%20a%20New%20Demon%20Was%20Born.mkv,198
1726132040,,,http://127.0.0.1:11470/c2ba585907eecf04c93daabb221855d43de26f17/%5BLulu%5D%20Code%20Geass%20Lelouch%20of%20the%20Rebellion%20-%2001x01%20-%20The%20Day%20a%20New%20Demon%20Was%20Born.mkv,198
1726132173,,,http://127.0.0.1:11470/c2ba585907eecf04c93daabb221855d43de26f17/%5BLulu%5D%20Code%20Geass%20Lelouch%20of%20the%20Rebellion%20-%2001x01%20-%20The%20Day%20a%20New%20Demon%20Was%20Born.mkv,198
1726132200,,,http://127.0.0.1:11470/c2ba585907eecf04c93daabb221855d43de26f17/%5BLulu%5D%20Code%20Geass%20Lelouch%20of%20the%20Rebellion%20-%2001x01%20-%20The%20Day%20a%20New%20Demon%20Was%20Born.mkv,198
1726132219,,,http://127.0.0.1:11470/c2ba585907eecf04c93daabb221855d43de26f17/%5BLulu%5D%20Code%20Geass%20Lelouch%20of%20the%20Rebellion%20-%2001x01%20-%20The%20Day%20a%20New%20Demon%20Was%20Born.mkv,198
1726132260,,,http://127.0.0.1:11470/c2ba585907eecf04c93daabb221855d43de26f17/%5BLulu%5D%20Code%20Geass%20Lelouch%20of%20the%20Rebellion%20-%2001x01%20-%20The%20Day%20a%20New%20Demon%20Was%20Born.mkv,198
1726132276,,,http://127.0.0.1:11470/c2ba585907eecf04c93daabb221855d43de26f17/%5BLulu%5D%20Code%20Geass%20Lelouch%20of%20the%20Rebellion%20-%2001x01%20-%20The%20Day%20a%20New%20Demon%20Was%20Born.mkv,198
1726132318,,,http://127.0.0.1:11470/c2ba585907eecf04c93daabb221855d43de26f17/%5BLulu%5D%20Code%20Geass%20Lelouch%20of%20the%20Rebellion%20-%2001x01%20-%20The%20Day%20a%20New%20Demon%20Was%20Born.mkv,198
1726132356,,,http://127.0.0.1:11470/c2ba585907eecf04c93daabb221855d43de26f17/%5BLulu%5D%20Code%20Geass%20Lelouch%20of%20the%20Rebellion%20-%2001x01%20-%20The%20Day%20a%20New%20Demon%20Was%20Born.mkv,198
1726132373,,,http://127.0.0.1:11470/c2ba585907eecf04c93daabb221855d43de26f17/%5BLulu%5D%20Code%20Geass%20Lelouch%20of%20the%20Rebellion%20-%2001x01%20-%20The%20Day%20a%20New%20Demon%20Was%20Born.mkv,198
1726132431,,,http://127.0.0.1:11470/c2ba585907eecf04c93daabb221855d43de26f17/%5BLulu%5D%20Code%20Geass%20Lelouch%20of%20the%20Rebellion%20-%2001x01%20-%20The%20Day%20a%20New%20Demon%20Was%20Born.mkv,198
1726132492,,,http://127.0.0.1:11470/c2ba585907eecf04c93daabb221855d43de26f17/%5BLulu%5D%20Code%20Geass%20Lelouch%20of%20the%20Rebellion%20-%2001x01%20-%20The%20Day%20a%20New%20Demon%20Was%20Born.mkv,198
1726132598,,,http://127.0.0.1:11470/c2ba585907eecf04c93daabb221855d43de26f17/%5BLulu%5D%20Code%20Geass%20Lelouch%20of%20the%20Rebellion%20-%2001x02%20-%20The%20White%20Knight%20Awakens.mkv,188
1726132614,,,http://127.0.0.1:11470/c2ba585907eecf04c93daabb221855d43de26f17/%5BLulu%5D%20Code%20Geass%20Lelouch%20of%20the%20Rebellion%20-%2001x02%20-%20The%20White%20Knight%20Awakens.mkv,188
1726135484,,,http://127.0.0.1:11470/c2ba585907eecf04c93daabb221855d43de26f17/%5BLulu%5D%20Code%20Geass%20Lelouch%20of%20the%20Rebellion%20-%2001x03%20-%20The%20False%20Classmate.mkv,181
1726135515,,,http://127.0.0.1:11470/c2ba585907eecf04c93daabb221855d43de26f17/%5BLulu%5D%20Code%20Geass%20Lelouch%20of%20the%20Rebellion%20-%2001x03%20-%20The%20False%20Classmate.mkv,181
1726136101,56,The Umbrella Academy 04x01 - Release by Wentworth_Miller,http://127.0.0.1:11470/d2dd11012d9f271dd8b0debed66d1d0676a9bf4a/The.Umbrella.Academy.S04E01.1080p.WEB-DL.RGzsRutracker.mkv,193
1726136108,56,The Umbrella Academy 04x01 - Release by Wentworth_Miller,http://127.0.0.1:11470/d2dd11012d9f271dd8b0debed66d1d0676a9bf4a/The.Umbrella.Academy.S04E01.1080p.WEB-DL.RGzsRutracker.mkv,193
1726152511,,,/home/sumit/Videos/_yt-dlp/Top 100 3D Renders from the Internet's Biggest CG Challenge ｜ Infinite Journeys.mkv,125
1726152602,,,/home/sumit/Videos/_yt-dlp/Top 100 3D Renders from the Internet's Biggest CG Challenge ｜ Infinite Journeys.mkv,125
1726152744,,,/home/sumit/Videos/_yt-dlp/Top 100 3D Renders from the Internet's Biggest CG Challenge ｜ Infinite Journeys.mkv,125
1726152767,,,/home/sumit/Videos/_yt-dlp/Top 100 3D Renders from the Internet's Biggest CG Challenge ｜ Infinite Journeys.mkv,125
1726152779,,,/home/sumit/Videos/_yt-dlp/Top 100 3D Renders from the Internet's Biggest CG Challenge ｜ Infinite Journeys.mkv,125
1726152880,,,/home/sumit/Videos/_yt-dlp/Top 100 3D Renders from the Internet's Biggest CG Challenge ｜ Infinite Journeys.mkv,125
1726153550,,,/home/sumit/Videos/_yt-dlp/Overlord - Opening 1 ｜ 4K ｜ 60FPS ｜ Creditless ｜.mkv,100
1726153655,,,/home/sumit/Videos/_yt-dlp/Top 100 3D Renders from the Internet's Biggest CG Challenge ｜ Infinite Journeys.mkv,125
1726153796,,,/home/sumit/Videos/_yt-dlp/Overlord - Opening 1 ｜ 4K ｜ 60FPS ｜ Creditless ｜.mkv,100
1726153865,,,/home/sumit/Videos/_yt-dlp/Overlord - Opening 1 ｜ 4K ｜ 60FPS ｜ Creditless ｜.mkv,100
1726153918,,,/home/sumit/Videos/_yt-dlp/Overlord - Opening 1 ｜ 4K ｜ 60FPS ｜ Creditless ｜.mkv,100
1726153934,,,/home/sumit/Videos/_yt-dlp/Overlord - Opening 1 ｜ 4K ｜ 60FPS ｜ Creditless ｜.mkv,100
1726154300,24,Mahoutsukai no Yome - 01,http://127.0.0.1:11470/ad936e32bb28d35902d5ab33a64e69f44927cc32/%5Bsam%5D%20Mahoutsukai%20no%20Yome%20-%2001%20%5BBD%201080p%20FLAC%5D%20%5BD2AB629B%5D.mkv,194
1726154354,24,Mahoutsukai no Yome - 01,http://127.0.0.1:11470/ad936e32bb28d35902d5ab33a64e69f44927cc32/%5Bsam%5D%20Mahoutsukai%20no%20Yome%20-%2001%20%5BBD%201080p%20FLAC%5D%20%5BD2AB629B%5D.mkv,194
1726208611,,,http://127.0.0.1:11470/01354bd3ffc41ac2c869bf861e9f97c7d5587b33/%5BSubsPlease%5D%20Hazurewaku%20-%2001%20(1080p)%20%5B14D73BFD%5D.mkv,146
1726208619,,,http://127.0.0.1:11470/01354bd3ffc41ac2c869bf861e9f97c7d5587b33/%5BSubsPlease%5D%20Hazurewaku%20-%2001%20(1080p)%20%5B14D73BFD%5D.mkv,146
1726303913,,,/home/sumit/Downloads/[Erai-raws] Tensei shitara Slime Datta Ken 3rd Season - 22 [1080p][Multiple Subtitle][4F455CFA].mkv,134
1729749460,,,http://127.0.0.1:11470/8a92abe1e4e0cb945db5962c6678f18e53369c3c/Deadpool.and.Wolverine.2024.1080p.AMZN.WEB-DL.DDP5.1.Atmos.H.264-FLUX.mkv,150
1731749086,,,/home/sumit/Downloads/Arcane S02E04 Paint the Town Blue 1080p NF WEB-DL DDP5 1 Atmos DV H 265-FLUX[TGx]/Arcane S02E04 Paint the Town Blue 1080p NF WEB-DL DDP5 1 Atmos DV H 265-FLUX.mkv,197
1731749606,,,/home/sumit/Downloads/Arcane S02E04 Paint the Town Blue 1080p NF WEB-DL DDP5 1 Atmos DV H 265-FLUX[TGx]/Arcane S02E04 Paint the Town Blue 1080p NF WEB-DL DDP5 1 Atmos DV H 265-FLUX.mkv,197
1731749864,,,/home/sumit/Downloads/Arcane S02E04 Paint the Town Blue 1080p NF WEB-DL DDP5 1 Atmos DV H 265-FLUX[TGx]/Arcane S02E04 Paint the Town Blue 1080p NF WEB-DL DDP5 1 Atmos DV H 265-FLUX.mkv,197
1731750030,,,/home/sumit/Downloads/Arcane S02E05 Blisters and Bedrock 1080p NF WEB-DL DDP5 1 Atmos DV H 265-FLUX[TGx]/Arcane S02E05 Blisters and Bedrock 1080p NF WEB-DL DDP5 1 Atmos DV H 265-FLUX.mkv,199
1731753435,51,Downloaded From mkvCinemas / Encoded By: mkvCinemas,/home/sumit/Downloads/Arcane.S02E04.Paint.the.Town.Blue.1080p.NF.WEB-DL.DDP5.1.Atmos.H.264-FLUX.mkv,165
1731755843,51,Downloaded From mkvCinemas / Encoded By: mkvCinemas,/home/sumit/Downloads/Arcane.S02E05.Blisters.and.Bedrock.1080p.NF.WEB-DL.DDP5.1.Atmos.H.264-FLUX.mkv,166
1731757585,51,Downloaded From mkvCinemas / Encoded By: mkvCinemas,/home/sumit/Downloads/Arcane.S02E06.The.Message.Hidden.Within.the.Pattern.1080p.NF.WEB-DL.DDP5.1.Atmos.H.264-FLUX.mkv,183
1733636047,,,http://127.0.0.1:11470/c2ba585907eecf04c93daabb221855d43de26f17/%5BLulu%5D%20Code%20Geass%20Lelouch%20of%20the%20Rebellion%20-%2001x03%20-%20The%20False%20Classmate.mkv,181
1735244698,,,/home/sumit/Downloads/Squid.Game.S02.1080p.NF.WEB-DL.DUAL.DDP5.1.Atmos.H.264-FLUX/Squid.Game.S02E01.Bread.and.Lottery.1080p.NF.WEB-DL.DUAL.DDP5.1.Atmos.H.264-FLUX.mkv,179
1735247480,,,/home/sumit/Downloads/Squid.Game.S02.1080p.NF.WEB-DL.DUAL.DDP5.1.Atmos.H.264-FLUX/Squid.Game.S02E02.Halloween.Party.1080p.NF.WEB-DL.DUAL.DDP5.1.Atmos.H.264-FLUX.mkv,177
1735248732,,,/home/sumit/Downloads/Squid.Game.S02.1080p.NF.WEB-DL.DUAL.DDP5.1.Atmos.H.264-FLUX/./Squid.Game.S02E01.Bread.and.Lottery.1080p.NF.WEB-DL.DUAL.DDP5.1.Atmos.H.264-FLUX.mkv,181
1735248739,,,/home/sumit/Downloads/Squid.Game.S02.1080p.NF.WEB-DL.DUAL.DDP5.1.Atmos.H.264-FLUX/./Squid.Game.S02E03.001.1080p.NF.WEB-DL.DUAL.DDP5.1.Atmos.H.264-FLUX.mkv,167
1735250220,,,/home/sumit/Downloads/Squid.Game.S02.1080p.NF.WEB-DL.DUAL.DDP5.1.Atmos.H.264-FLUX/./Squid.Game.S02E04.Six.Legs.1080p.NF.WEB-DL.DUAL.DDP5.1.Atmos.H.264-FLUX.mkv,172
1735251732,,,/home/sumit/Downloads/Squid.Game.S02.1080p.NF.WEB-DL.DUAL.DDP5.1.Atmos.H.264-FLUX/./Squid.Game.S02E05.One.More.Game.1080p.NF.WEB-DL.DUAL.DDP5.1.Atmos.H.264-FLUX.mkv,177
1735253153,,,/home/sumit/Downloads/Squid.Game.S02.1080p.NF.WEB-DL.DUAL.DDP5.1.Atmos.H.264-FLUX/./Squid.Game.S02E06.O.X.1080p.NF.WEB-DL.DUAL.DDP5.1.Atmos.H.264-FLUX.mkv,167
1735254206,,,/home/sumit/Downloads/Squid.Game.S02.1080p.NF.WEB-DL.DUAL.DDP5.1.Atmos.H.264-FLUX/./Squid.Game.S02E07.Friend.or.Foe.1080p.NF.WEB-DL.DUAL.DDP5.1.Atmos.H.264-FLUX.mkv,177
1735286327,,,/home/sumit/Downloads/anarchic-rebel-jinx.1920x1080.gif,68
1735286348,,,/home/sumit/Downloads/anarchic-rebel-jinx.1920x1080.gif,68
1735286367,,,/home/sumit/Downloads/anarchic-rebel-jinx.1920x1080.gif,68
1735589632,,,/home/sumit/Sylvie Vartan - La Maritza (lalalalala).mp3,68
1735590079,,,/home/sumit/Documents/Sylvie Vartan - La Maritza (lalalalala).mp3,78
1735590114,,,/home/sumit/Documents/Sylvie Vartan - La Maritza (lalalalala).mp3,78
1735590121,,,/home/sumit/Documents/Sylvie Vartan - La Maritza (lalalalala).mp3,78
1735590165,,,/home/sumit/Documents/Sylvie Vartan - La Maritza (lalalalala).mp3,78
1735590182,,,/home/sumit/Documents/Sylvie Vartan - La Maritza (lalalalala).mp3,78
1735590249,,,/home/sumit/Documents/Sylvie Vartan - La Maritza (lalalalala).mp3,78
1735590257,,,/home/sumit/Documents/Sylvie Vartan - La Maritza (lalalalala).mp3,78
1735590262,,,/home/sumit/Documents/Sylvie Vartan - La Maritza (lalalalala).mp3,78
1735590296,,,/home/sumit/Documents/Sylvie Vartan - La Maritza (lalalalala).mp3,78
1735590369,,,/home/sumit/Documents/Sylvie Vartan - La Maritza (lalalalala).mp3,78
