
2024/11/09 (04:09:00) | ===> btop++ v.1.4.0
2024/11/09 (04:09:00) | WARNING: NVML: Failed to get maximum GPU power draw, defaulting to 225W: Not Supported
2024/11/09 (04:09:00) | WARNING: Intel GPU: Failed to initialize PMU

2024/11/09 (16:13:09) | ===> btop++ v.1.4.0
2024/11/09 (16:13:09) | WARNING: NVML: Failed to get maximum GPU power draw, defaulting to 225W: Not Supported
2024/11/09 (16:13:09) | WARNING: Intel GPU: Failed to initialize PMU

2024/11/09 (16:14:07) | ===> btop++ v.1.4.0
2024/11/09 (16:14:07) | WARNING: NVML: Failed to get maximum GPU power draw, defaulting to 225W: Not Supported
2024/11/09 (16:14:07) | WARNING: Intel GPU: Failed to initialize PMU

2024/11/09 (16:15:52) | ===> btop++ v.1.4.0
2024/11/09 (16:15:52) | WARNING: NVML: Failed to get maximum GPU power draw, defaulting to 225W: Not Supported
2024/11/09 (16:15:52) | WARNING: Intel GPU: Failed to initialize PMU

2024/11/09 (16:15:57) | ===> btop++ v.1.4.0
2024/11/09 (16:15:57) | WARNING: NVML: Failed to get maximum GPU power draw, defaulting to 225W: Not Supported
2024/11/09 (16:15:57) | WARNING: Intel GPU: Failed to initialize PMU

2024/11/09 (22:23:28) | ===> btop++ v.1.4.0
2024/11/09 (22:23:28) | WARNING: NVML: Failed to get maximum GPU power draw, defaulting to 225W: Not Supported
2024/11/09 (22:23:28) | WARNING: Intel GPU: Failed to initialize PMU

2024/11/30 (17:48:56) | ===> btop++ v.1.4.0
2024/11/30 (17:48:56) | WARNING: NVML: Failed to get maximum GPU power draw, defaulting to 225W: Not Supported
2024/11/30 (17:48:56) | WARNING: Intel GPU: Failed to initialize PMU

2024/12/13 (20:37:07) | ===> btop++ v.1.4.0
2024/12/13 (20:37:07) | WARNING: NVML: Failed to get maximum GPU power draw, defaulting to 225W: Not Supported
2024/12/13 (20:37:07) | WARNING: Intel GPU: Failed to initialize PMU
2024/12/13 (20:37:09) | ERROR: Couldn't determine terminal size of "STDOUT_FILENO"!
2024/12/13 (20:37:09) | ERROR: Couldn't determine terminal size of "/dev/tty"!

2024/12/13 (20:37:13) | ===> btop++ v.1.4.0
2024/12/13 (20:37:13) | WARNING: NVML: Failed to get maximum GPU power draw, defaulting to 225W: Not Supported
2024/12/13 (20:37:13) | WARNING: Intel GPU: Failed to initialize PMU

2024/12/22 (18:15:55) | ===> btop++ v.1.4.0
2024/12/22 (18:15:55) | WARNING: NVML: Failed to get maximum GPU power draw, defaulting to 225W: Not Supported
2024/12/22 (18:15:55) | WARNING: Intel GPU: Failed to initialize PMU

2024/12/27 (13:31:50) | ===> btop++ v.1.4.0
2024/12/27 (13:31:50) | WARNING: NVML: Failed to get maximum GPU power draw, defaulting to 225W: Not Supported
2024/12/27 (13:31:50) | WARNING: Intel GPU: Failed to initialize PMU

2024/12/27 (13:42:20) | ===> btop++ v.1.4.0
2024/12/27 (13:42:20) | WARNING: NVML: Failed to get maximum GPU power draw, defaulting to 225W: Not Supported
2024/12/27 (13:42:20) | WARNING: Intel GPU: Failed to initialize PMU

2024/12/27 (23:10:28) | ===> btop++ v.1.4.0
2024/12/27 (23:10:28) | WARNING: NVML: Failed to get maximum GPU power draw, defaulting to 225W: Not Supported
2024/12/27 (23:10:28) | WARNING: Intel GPU: Failed to initialize PMU

2024/12/27 (23:52:24) | ===> btop++ v.1.4.0
2024/12/27 (23:52:24) | WARNING: NVML: Failed to get maximum GPU power draw, defaulting to 225W: Not Supported
2024/12/27 (23:52:24) | WARNING: Intel GPU: Failed to initialize PMU

2024/12/30 (23:51:18) | ===> btop++ v.1.4.0
2024/12/30 (23:51:18) | WARNING: NVML: Failed to get maximum GPU power draw, defaulting to 225W: Not Supported
2024/12/30 (23:51:18) | WARNING: Intel GPU: Failed to initialize PMU

2025/01/01 (21:53:07) | ===> btop++ v.1.4.0
2025/01/01 (21:53:07) | WARNING: NVML: Failed to get maximum GPU power draw, defaulting to 225W: Not Supported
2025/01/01 (21:53:07) | WARNING: Intel GPU: Failed to initialize PMU

2025/01/28 (22:04:49) | ===> btop++ v.1.4.0
2025/01/28 (22:04:49) | WARNING: NVML: Failed to get maximum GPU power draw, defaulting to 225W: Not Supported
2025/01/28 (22:04:49) | WARNING: Intel GPU: Failed to initialize PMU

2025/01/29 (14:54:20) | ===> btop++ v.1.4.0
2025/01/29 (14:54:20) | WARNING: NVML: Failed to get maximum GPU power draw, defaulting to 225W: Not Supported
2025/01/29 (14:54:20) | WARNING: Intel GPU: Failed to initialize PMU

2025/01/29 (14:54:41) | ===> btop++ v.1.4.0
2025/01/29 (14:54:41) | WARNING: NVML: Failed to get maximum GPU power draw, defaulting to 225W: Not Supported
2025/01/29 (14:54:41) | WARNING: Intel GPU: Failed to initialize PMU

2025/01/29 (15:18:19) | ===> btop++ v.1.4.0
2025/01/29 (15:18:19) | WARNING: NVML: Failed to get maximum GPU power draw, defaulting to 225W: Not Supported
2025/01/29 (15:18:19) | WARNING: Intel GPU: Failed to initialize PMU

2025/02/04 (11:52:06) | ===> btop++ v.1.4.0
2025/02/04 (11:52:06) | WARNING: NVML: Failed to get maximum GPU power draw, defaulting to 225W: Not Supported
2025/02/04 (11:52:06) | WARNING: Intel GPU: Failed to initialize PMU

2025/02/19 (17:53:31) | ===> btop++ v.1.4.0
2025/02/19 (17:53:31) | WARNING: NVML: Failed to get maximum GPU power draw, defaulting to 225W: Not Supported
2025/02/19 (17:53:31) | WARNING: Intel GPU: Failed to initialize PMU

2025/02/23 (00:40:17) | ===> btop++ v.1.4.0
2025/02/23 (00:40:17) | WARNING: NVML: Failed to get maximum GPU power draw, defaulting to 225W: Not Supported
2025/02/23 (00:40:17) | WARNING: Intel GPU: Failed to initialize PMU
